<?xml version="1.0" encoding="UTF-8"?>
<!-- Generated by org.testng.reporters.JUnitXMLReporter -->
<testsuite ignored="3" hostname="wobis-mbp" failures="3" tests="14" name="Test" time="198.352" errors="0" timestamp="2023-04-23T19:38:34 IDT">
  <testcase classname="tests.VisitPagesTest" name="tc01_goToWomenPage" time="6.832"/>
  <testcase classname="tests.VisitPagesTest" name="tc02_goToMenPage" time="4.058">
    <failure type="java.lang.AssertionError" message="expected:&amp;lt;RUNNING&amp;gt; but was:&amp;lt;RUNNG&amp;gt;">
      <![CDATA[java.lang.AssertionError: expected:<RUNNING> but was:<RUNNG>
at tests.VisitPagesTest.tc02_goToMenPage(VisitPagesTest.java:48)
at java.base/java.util.ArrayList.forEach(ArrayList.java:1511)
... Removed 31 stack frames]]>
    </failure>
  </testcase> <!-- tc02_goToMenPage -->
  <testcase classname="tests.VisitPagesTest" name="tc03_goToAccessoriesPage" time="3.781"/>
  <testcase classname="tests.VisitPagesTest" name="tc04_enterFAQ" time="2.211"/>
  <testcase classname="tests.AddingItemsTest" name="tc01_addingWomenAllInOne" time="12.305"/>
  <testcase classname="tests.AddingItemsTest" name="tc02_addingWomenLeggings" time="20.792"/>
  <testcase classname="tests.AddingItemsTest" name="tc03_purchasingShirtFromSearch" time="18.438">
    <failure type="java.lang.AssertionError" message="expected:&amp;lt;YOUR BAG&amp;gt; but was:&amp;lt;YOUR BA&amp;gt;">
      <![CDATA[java.lang.AssertionError: expected:<YOUR BAG> but was:<YOUR BA>
at tests.AddingItemsTest.tc03_purchasingShirtFromSearch(AddingItemsTest.java:68)
at java.base/java.util.ArrayList.forEach(ArrayList.java:1511)
... Removed 31 stack frames]]>
    </failure>
  </testcase> <!-- tc03_purchasingShirtFromSearch -->
  <testcase classname="tests.AddingItemsTest" name="tc04_purchasingPantsFromSearch" time="16.753"/>
  <testcase classname="tests.AddingItemsTest" name="tc05_addingMenShorts" time="21.602"/>
  <testcase classname="tests.AddingItemsTest" name="tc06_addingMenShirt" time="10.216"/>
  <testcase classname="tests.AddingItemsTest" name="tc07_addingAccessoryItem" time="19.227"/>
  <testcase classname="tests.AddingItemsTest" name="tc08_addingHoodieToWishlist" time="11.221"/>
  <testcase classname="tests.AddingItemsTest" name="tc09_addingShakerToWishlist" time="10.588"/>
  <testcase classname="tests.ExternalLinksValidationTest" name="tc01_visitFacebook" time="8.029">
    <failure type="org.openqa.selenium.ElementClickInterceptedException" message="element click intercepted: Element is not clickable at point (1401, 1149)
  (Session info: chrome=112.0.5615.137)
Build info: version: &amp;apos;4.8.1&amp;apos;, revision: &amp;apos;8ebccac989&amp;apos;
System info: os.name: &amp;apos;Mac OS X&amp;apos;, os.arch: &amp;apos;x86_64&amp;apos;, os.version: &amp;apos;12.5.1&amp;apos;, java.version: &amp;apos;19.0.2&amp;apos;
Driver info: org.openqa.selenium.chrome.ChromeDriver
Command: [9866a017ac0eba1a138918d102a6ec66, clickElement {id=104a4266-2b79-4eab-bcf0-1614f6b71ec2}]
Capabilities {acceptInsecureCerts: false, browserName: chrome, browserVersion: 112.0.5615.137, chrome: {chromedriverVersion: 112.0.5615.49 (bd2a7bcb881c..., userDataDir: /var/folders/hj/k2l3619d5_d...}, goog:chromeOptions: {debuggerAddress: localhost:49294}, networkConnectionEnabled: false, pageLoadStrategy: normal, platformName: MAC, proxy: Proxy(), se:cdp: ws://localhost:49294/devtoo..., se:cdpVersion: 112.0.5615.137, setWindowRect: true, strictFileInteractability: false, timeouts: {implicit: 0, pageLoad: 300000, script: 30000}, unhandledPromptBehavior: dismiss and notify, webauthn:extension:credBlob: true, webauthn:extension:largeBlob: true, webauthn:extension:minPinLength: true, webauthn:extension:prf: true, webauthn:virtualAuthenticators: true}
Element: [[ChromeDriver: chrome on MAC (9866a017ac0eba1a138918d102a6ec66)] -&amp;gt; css selector: [aria-label=&amp;apos;facebook&amp;apos;]]
Session ID: 9866a017ac0eba1a138918d102a6ec66">
      <![CDATA[org.openqa.selenium.ElementClickInterceptedException: element click intercepted: Element is not clickable at point (1401, 1149)
  (Session info: chrome=112.0.5615.137)
Build info: version: '4.8.1', revision: '8ebccac989'
System info: os.name: 'Mac OS X', os.arch: 'x86_64', os.version: '12.5.1', java.version: '19.0.2'
Driver info: org.openqa.selenium.chrome.ChromeDriver
Command: [9866a017ac0eba1a138918d102a6ec66, clickElement {id=104a4266-2b79-4eab-bcf0-1614f6b71ec2}]
Capabilities {acceptInsecureCerts: false, browserName: chrome, browserVersion: 112.0.5615.137, chrome: {chromedriverVersion: 112.0.5615.49 (bd2a7bcb881c..., userDataDir: /var/folders/hj/k2l3619d5_d...}, goog:chromeOptions: {debuggerAddress: localhost:49294}, networkConnectionEnabled: false, pageLoadStrategy: normal, platformName: MAC, proxy: Proxy(), se:cdp: ws://localhost:49294/devtoo..., se:cdpVersion: 112.0.5615.137, setWindowRect: true, strictFileInteractability: false, timeouts: {implicit: 0, pageLoad: 300000, script: 30000}, unhandledPromptBehavior: dismiss and notify, webauthn:extension:credBlob: true, webauthn:extension:largeBlob: true, webauthn:extension:minPinLength: true, webauthn:extension:prf: true, webauthn:virtualAuthenticators: true}
Element: [[ChromeDriver: chrome on MAC (9866a017ac0eba1a138918d102a6ec66)] -> css selector: [aria-label='facebook']]
Session ID: 9866a017ac0eba1a138918d102a6ec66
at org.openqa.selenium.remote.codec.w3c.W3CHttpResponseCodec.createException(W3CHttpResponseCodec.java:200)
at org.openqa.selenium.remote.codec.w3c.W3CHttpResponseCodec.decode(W3CHttpResponseCodec.java:133)
at org.openqa.selenium.remote.codec.w3c.W3CHttpResponseCodec.decode(W3CHttpResponseCodec.java:53)
at org.openqa.selenium.remote.HttpCommandExecutor.execute(HttpCommandExecutor.java:184)
at org.openqa.selenium.remote.service.DriverCommandExecutor.invokeExecute(DriverCommandExecutor.java:167)
at org.openqa.selenium.remote.service.DriverCommandExecutor.execute(DriverCommandExecutor.java:142)
at org.openqa.selenium.remote.RemoteWebDriver.execute(RemoteWebDriver.java:543)
at org.openqa.selenium.remote.RemoteWebElement.execute(RemoteWebElement.java:257)
at org.openqa.selenium.remote.RemoteWebElement.click(RemoteWebElement.java:78)
at org.openqa.selenium.support.pagefactory.internal.LocatingElementHandler.invoke(LocatingElementHandler.java:52)
at jdk.proxy2/jdk.proxy2.$Proxy14.click(Unknown Source)
at pageObjects.BasePage.click(BasePage.java:40)
at pageObjects.CommonPage.visitFacebook(CommonPage.java:192)
at tests.ExternalLinksValidationTest.tc01_visitFacebook(ExternalLinksValidationTest.java:37)
at java.base/java.util.ArrayList.forEach(ArrayList.java:1511)
... Removed 34 stack frames]]>
    </failure>
  </testcase> <!-- tc01_visitFacebook -->
  <testcase classname="tests.BaseTest" name="@AfterSuite tearDown" time="0.0">
    <ignored/>
  </testcase> <!-- @AfterSuite tearDown -->
  <testcase classname="tests.BaseTest" name="@AfterSuite tearDown" time="0.0">
    <ignored/>
  </testcase> <!-- @AfterSuite tearDown -->
  <testcase classname="tests.BaseTest" name="@AfterSuite tearDown" time="0.0">
    <ignored/>
  </testcase> <!-- @AfterSuite tearDown -->
</testsuite> <!-- Test -->
