<?xml version="1.0" encoding="UTF-8"?>
<testng-results ignored="3" total="17" passed="11" failed="3" skipped="0">
  <reporter-output>
  </reporter-output>
  <suite started-at="2023-04-23T19:35:16 IDT" name="Suite" finished-at="2023-04-23T19:38:34 IDT" duration-ms="198352">
    <groups>
    </groups>
    <test started-at="2023-04-23T19:35:16 IDT" name="Test" finished-at="2023-04-23T19:38:34 IDT" duration-ms="198352">
      <class name="tests.AddingItemsTest">
        <test-method is-config="true" signature="setup()[pri:0, instance:tests.AddingItemsTest@4b6ac111]" started-at="2023-04-23T19:35:45 IDT" name="setup" finished-at="2023-04-23T19:35:54 IDT" duration-ms="9028" status="PASS">
          <reporter-output>
          </reporter-output>
        </test-method> <!-- setup -->
        <test-method signature="tc01_addingWomenAllInOne()[pri:0, instance:tests.AddingItemsTest@4b6ac111]" started-at="2023-04-23T19:35:54 IDT" name="tc01_addingWomenAllInOne" description="Adding a Women &#039;All in one&#039; to the cart" finished-at="2023-04-23T19:36:06 IDT" duration-ms="12305" status="PASS">
          <reporter-output>
          </reporter-output>
        </test-method> <!-- tc01_addingWomenAllInOne -->
        <test-method signature="tc02_addingWomenLeggings()[pri:0, instance:tests.AddingItemsTest@4b6ac111]" started-at="2023-04-23T19:36:06 IDT" name="tc02_addingWomenLeggings" description="Adding a Women leggings to the cart" finished-at="2023-04-23T19:36:27 IDT" duration-ms="20792" status="PASS">
          <reporter-output>
          </reporter-output>
        </test-method> <!-- tc02_addingWomenLeggings -->
        <test-method signature="tc03_purchasingShirtFromSearch()[pri:0, instance:tests.AddingItemsTest@4b6ac111]" started-at="2023-04-23T19:36:27 IDT" name="tc03_purchasingShirtFromSearch" description="Purchasing red shirt from search" finished-at="2023-04-23T19:36:46 IDT" duration-ms="18438" status="FAIL">
          <exception class="java.lang.AssertionError">
            <message>
              <![CDATA[expected:<YOUR BAG> but was:<YOUR BA>]]>
            </message>
            <full-stacktrace>
              <![CDATA[java.lang.AssertionError: expected:<YOUR BAG> but was:<YOUR BA>
at org.testng.AssertJUnit.assertEquals(AssertJUnit.java:115)
at org.testng.AssertJUnit.assertEquals(AssertJUnit.java:125)
at tests.AddingItemsTest.tc03_purchasingShirtFromSearch(AddingItemsTest.java:68)
at java.base/jdk.internal.reflect.DirectMethodHandleAccessor.invoke(DirectMethodHandleAccessor.java:104)
at java.base/java.lang.reflect.Method.invoke(Method.java:578)
at org.testng.internal.invokers.MethodInvocationHelper.invokeMethod(MethodInvocationHelper.java:135)
at org.testng.internal.invokers.TestInvoker.invokeMethod(TestInvoker.java:673)
at org.testng.internal.invokers.TestInvoker.invokeTestMethod(TestInvoker.java:220)
at org.testng.internal.invokers.MethodRunner.runInSequence(MethodRunner.java:50)
at org.testng.internal.invokers.TestInvoker$MethodInvocationAgent.invoke(TestInvoker.java:945)
at org.testng.internal.invokers.TestInvoker.invokeTestMethods(TestInvoker.java:193)
at org.testng.internal.invokers.TestMethodWorker.invokeTestMethods(TestMethodWorker.java:146)
at org.testng.internal.invokers.TestMethodWorker.run(TestMethodWorker.java:128)
at java.base/java.util.ArrayList.forEach(ArrayList.java:1511)
at org.testng.TestRunner.privateRun(TestRunner.java:808)
at org.testng.TestRunner.run(TestRunner.java:603)
at org.testng.SuiteRunner.runTest(SuiteRunner.java:429)
at org.testng.SuiteRunner.runSequentially(SuiteRunner.java:423)
at org.testng.SuiteRunner.privateRun(SuiteRunner.java:383)
at org.testng.SuiteRunner.run(SuiteRunner.java:326)
at org.testng.SuiteRunnerWorker.runSuite(SuiteRunnerWorker.java:52)
at org.testng.SuiteRunnerWorker.run(SuiteRunnerWorker.java:95)
at org.testng.TestNG.runSuitesSequentially(TestNG.java:1249)
at org.testng.TestNG.runSuitesLocally(TestNG.java:1169)
at org.testng.TestNG.runSuites(TestNG.java:1092)
at org.testng.TestNG.run(TestNG.java:1060)
at org.apache.maven.surefire.testng.TestNGExecutor.run(TestNGExecutor.java:324)
at org.apache.maven.surefire.testng.TestNGXmlTestSuite.execute(TestNGXmlTestSuite.java:74)
at org.apache.maven.surefire.testng.TestNGProvider.invoke(TestNGProvider.java:123)
at org.apache.maven.surefire.booter.ForkedBooter.runSuitesInProcess(ForkedBooter.java:456)
at org.apache.maven.surefire.booter.ForkedBooter.execute(ForkedBooter.java:169)
at org.apache.maven.surefire.booter.ForkedBooter.run(ForkedBooter.java:595)
at org.apache.maven.surefire.booter.ForkedBooter.main(ForkedBooter.java:581)
]]>
            </full-stacktrace>
          </exception> <!-- java.lang.AssertionError -->
          <reporter-output>
          </reporter-output>
        </test-method> <!-- tc03_purchasingShirtFromSearch -->
        <test-method signature="tc04_purchasingPantsFromSearch()[pri:0, instance:tests.AddingItemsTest@4b6ac111]" started-at="2023-04-23T19:36:46 IDT" name="tc04_purchasingPantsFromSearch" description="Purchasing black pants from search" finished-at="2023-04-23T19:37:02 IDT" duration-ms="16753" status="PASS">
          <reporter-output>
          </reporter-output>
        </test-method> <!-- tc04_purchasingPantsFromSearch -->
        <test-method signature="tc05_addingMenShorts()[pri:0, instance:tests.AddingItemsTest@4b6ac111]" started-at="2023-04-23T19:37:02 IDT" name="tc05_addingMenShorts" description="Adding a Men shorts to the cart" finished-at="2023-04-23T19:37:24 IDT" duration-ms="21602" status="PASS">
          <reporter-output>
          </reporter-output>
        </test-method> <!-- tc05_addingMenShorts -->
        <test-method signature="tc06_addingMenShirt()[pri:0, instance:tests.AddingItemsTest@4b6ac111]" started-at="2023-04-23T19:37:24 IDT" name="tc06_addingMenShirt" description="Adding a Men T-Shirt to the cart" finished-at="2023-04-23T19:37:34 IDT" duration-ms="10216" status="PASS">
          <reporter-output>
          </reporter-output>
        </test-method> <!-- tc06_addingMenShirt -->
        <test-method signature="tc07_addingAccessoryItem()[pri:0, instance:tests.AddingItemsTest@4b6ac111]" started-at="2023-04-23T19:37:34 IDT" name="tc07_addingAccessoryItem" description="Adding an accessory item" finished-at="2023-04-23T19:37:53 IDT" duration-ms="19227" status="PASS">
          <reporter-output>
          </reporter-output>
        </test-method> <!-- tc07_addingAccessoryItem -->
        <test-method signature="tc08_addingHoodieToWishlist()[pri:0, instance:tests.AddingItemsTest@4b6ac111]" started-at="2023-04-23T19:37:53 IDT" name="tc08_addingHoodieToWishlist" description="Adding a hoodie to wishlist" finished-at="2023-04-23T19:38:05 IDT" duration-ms="11221" status="PASS">
          <reporter-output>
          </reporter-output>
        </test-method> <!-- tc08_addingHoodieToWishlist -->
        <test-method signature="tc09_addingShakerToWishlist()[pri:0, instance:tests.AddingItemsTest@4b6ac111]" started-at="2023-04-23T19:38:05 IDT" name="tc09_addingShakerToWishlist" description="Adding a shaker to wishlist" finished-at="2023-04-23T19:38:15 IDT" duration-ms="10588" status="PASS">
          <reporter-output>
          </reporter-output>
        </test-method> <!-- tc09_addingShakerToWishlist -->
        <test-method is-config="true" signature="tearDown()[pri:0, instance:tests.AddingItemsTest@4b6ac111]" started-at="2023-04-23T19:38:15 IDT" name="tearDown" finished-at="2023-04-23T19:38:15 IDT" duration-ms="0" status="PASS">
          <reporter-output>
          </reporter-output>
        </test-method> <!-- tearDown -->
      </class> <!-- tests.AddingItemsTest -->
      <class name="tests.ExternalLinksValidationTest">
        <test-method is-config="true" signature="setup()[pri:0, instance:tests.ExternalLinksValidationTest@6fe46b62]" started-at="2023-04-23T19:38:15 IDT" name="setup" finished-at="2023-04-23T19:38:26 IDT" duration-ms="10894" status="PASS">
          <reporter-output>
          </reporter-output>
        </test-method> <!-- setup -->
        <test-method signature="tc01_visitFacebook()[pri:0, instance:tests.ExternalLinksValidationTest@6fe46b62]" started-at="2023-04-23T19:38:26 IDT" name="tc01_visitFacebook" description="Checking the link to Facebook" finished-at="2023-04-23T19:38:34 IDT" duration-ms="8029" status="FAIL">
          <exception class="org.openqa.selenium.ElementClickInterceptedException">
            <message>
              <![CDATA[element click intercepted: Element is not clickable at point (1401, 1149)
  (Session info: chrome=112.0.5615.137)
Build info: version: '4.8.1', revision: '8ebccac989'
System info: os.name: 'Mac OS X', os.arch: 'x86_64', os.version: '12.5.1', java.version: '19.0.2'
Driver info: org.openqa.selenium.chrome.ChromeDriver
Command: [9866a017ac0eba1a138918d102a6ec66, clickElement {id=104a4266-2b79-4eab-bcf0-1614f6b71ec2}]
Capabilities {acceptInsecureCerts: false, browserName: chrome, browserVersion: 112.0.5615.137, chrome: {chromedriverVersion: 112.0.5615.49 (bd2a7bcb881c..., userDataDir: /var/folders/hj/k2l3619d5_d...}, goog:chromeOptions: {debuggerAddress: localhost:49294}, networkConnectionEnabled: false, pageLoadStrategy: normal, platformName: MAC, proxy: Proxy(), se:cdp: ws://localhost:49294/devtoo..., se:cdpVersion: 112.0.5615.137, setWindowRect: true, strictFileInteractability: false, timeouts: {implicit: 0, pageLoad: 300000, script: 30000}, unhandledPromptBehavior: dismiss and notify, webauthn:extension:credBlob: true, webauthn:extension:largeBlob: true, webauthn:extension:minPinLength: true, webauthn:extension:prf: true, webauthn:virtualAuthenticators: true}
Element: [[ChromeDriver: chrome on MAC (9866a017ac0eba1a138918d102a6ec66)] -> css selector: [aria-label='facebook']]
Session ID: 9866a017ac0eba1a138918d102a6ec66]]>
            </message>
            <full-stacktrace>
              <![CDATA[org.openqa.selenium.ElementClickInterceptedException: element click intercepted: Element is not clickable at point (1401, 1149)
  (Session info: chrome=112.0.5615.137)
Build info: version: '4.8.1', revision: '8ebccac989'
System info: os.name: 'Mac OS X', os.arch: 'x86_64', os.version: '12.5.1', java.version: '19.0.2'
Driver info: org.openqa.selenium.chrome.ChromeDriver
Command: [9866a017ac0eba1a138918d102a6ec66, clickElement {id=104a4266-2b79-4eab-bcf0-1614f6b71ec2}]
Capabilities {acceptInsecureCerts: false, browserName: chrome, browserVersion: 112.0.5615.137, chrome: {chromedriverVersion: 112.0.5615.49 (bd2a7bcb881c..., userDataDir: /var/folders/hj/k2l3619d5_d...}, goog:chromeOptions: {debuggerAddress: localhost:49294}, networkConnectionEnabled: false, pageLoadStrategy: normal, platformName: MAC, proxy: Proxy(), se:cdp: ws://localhost:49294/devtoo..., se:cdpVersion: 112.0.5615.137, setWindowRect: true, strictFileInteractability: false, timeouts: {implicit: 0, pageLoad: 300000, script: 30000}, unhandledPromptBehavior: dismiss and notify, webauthn:extension:credBlob: true, webauthn:extension:largeBlob: true, webauthn:extension:minPinLength: true, webauthn:extension:prf: true, webauthn:virtualAuthenticators: true}
Element: [[ChromeDriver: chrome on MAC (9866a017ac0eba1a138918d102a6ec66)] -> css selector: [aria-label='facebook']]
Session ID: 9866a017ac0eba1a138918d102a6ec66
at java.base/jdk.internal.reflect.DirectConstructorHandleAccessor.newInstance(DirectConstructorHandleAccessor.java:67)
at java.base/java.lang.reflect.Constructor.newInstanceWithCaller(Constructor.java:500)
at java.base/java.lang.reflect.Constructor.newInstance(Constructor.java:484)
at org.openqa.selenium.remote.codec.w3c.W3CHttpResponseCodec.createException(W3CHttpResponseCodec.java:200)
at org.openqa.selenium.remote.codec.w3c.W3CHttpResponseCodec.decode(W3CHttpResponseCodec.java:133)
at org.openqa.selenium.remote.codec.w3c.W3CHttpResponseCodec.decode(W3CHttpResponseCodec.java:53)
at org.openqa.selenium.remote.HttpCommandExecutor.execute(HttpCommandExecutor.java:184)
at org.openqa.selenium.remote.service.DriverCommandExecutor.invokeExecute(DriverCommandExecutor.java:167)
at org.openqa.selenium.remote.service.DriverCommandExecutor.execute(DriverCommandExecutor.java:142)
at org.openqa.selenium.remote.RemoteWebDriver.execute(RemoteWebDriver.java:543)
at org.openqa.selenium.remote.RemoteWebElement.execute(RemoteWebElement.java:257)
at org.openqa.selenium.remote.RemoteWebElement.click(RemoteWebElement.java:78)
at java.base/jdk.internal.reflect.DirectMethodHandleAccessor.invoke(DirectMethodHandleAccessor.java:104)
at java.base/java.lang.reflect.Method.invoke(Method.java:578)
at org.openqa.selenium.support.pagefactory.internal.LocatingElementHandler.invoke(LocatingElementHandler.java:52)
at jdk.proxy2/jdk.proxy2.$Proxy14.click(Unknown Source)
at pageObjects.BasePage.click(BasePage.java:40)
at pageObjects.CommonPage.visitFacebook(CommonPage.java:192)
at tests.ExternalLinksValidationTest.tc01_visitFacebook(ExternalLinksValidationTest.java:37)
at java.base/jdk.internal.reflect.DirectMethodHandleAccessor.invoke(DirectMethodHandleAccessor.java:104)
at java.base/java.lang.reflect.Method.invoke(Method.java:578)
at org.testng.internal.invokers.MethodInvocationHelper.invokeMethod(MethodInvocationHelper.java:135)
at org.testng.internal.invokers.TestInvoker.invokeMethod(TestInvoker.java:673)
at org.testng.internal.invokers.TestInvoker.invokeTestMethod(TestInvoker.java:220)
at org.testng.internal.invokers.MethodRunner.runInSequence(MethodRunner.java:50)
at org.testng.internal.invokers.TestInvoker$MethodInvocationAgent.invoke(TestInvoker.java:945)
at org.testng.internal.invokers.TestInvoker.invokeTestMethods(TestInvoker.java:193)
at org.testng.internal.invokers.TestMethodWorker.invokeTestMethods(TestMethodWorker.java:146)
at org.testng.internal.invokers.TestMethodWorker.run(TestMethodWorker.java:128)
at java.base/java.util.ArrayList.forEach(ArrayList.java:1511)
at org.testng.TestRunner.privateRun(TestRunner.java:808)
at org.testng.TestRunner.run(TestRunner.java:603)
at org.testng.SuiteRunner.runTest(SuiteRunner.java:429)
at org.testng.SuiteRunner.runSequentially(SuiteRunner.java:423)
at org.testng.SuiteRunner.privateRun(SuiteRunner.java:383)
at org.testng.SuiteRunner.run(SuiteRunner.java:326)
at org.testng.SuiteRunnerWorker.runSuite(SuiteRunnerWorker.java:52)
at org.testng.SuiteRunnerWorker.run(SuiteRunnerWorker.java:95)
at org.testng.TestNG.runSuitesSequentially(TestNG.java:1249)
at org.testng.TestNG.runSuitesLocally(TestNG.java:1169)
at org.testng.TestNG.runSuites(TestNG.java:1092)
at org.testng.TestNG.run(TestNG.java:1060)
at org.apache.maven.surefire.testng.TestNGExecutor.run(TestNGExecutor.java:324)
at org.apache.maven.surefire.testng.TestNGXmlTestSuite.execute(TestNGXmlTestSuite.java:74)
at org.apache.maven.surefire.testng.TestNGProvider.invoke(TestNGProvider.java:123)
at org.apache.maven.surefire.booter.ForkedBooter.runSuitesInProcess(ForkedBooter.java:456)
at org.apache.maven.surefire.booter.ForkedBooter.execute(ForkedBooter.java:169)
at org.apache.maven.surefire.booter.ForkedBooter.run(ForkedBooter.java:595)
at org.apache.maven.surefire.booter.ForkedBooter.main(ForkedBooter.java:581)
]]>
            </full-stacktrace>
          </exception> <!-- org.openqa.selenium.ElementClickInterceptedException -->
          <reporter-output>
          </reporter-output>
        </test-method> <!-- tc01_visitFacebook -->
        <test-method is-config="true" signature="tearDown()[pri:0, instance:tests.ExternalLinksValidationTest@6fe46b62]" started-at="2023-04-23T19:38:34 IDT" name="tearDown" finished-at="2023-04-23T19:38:34 IDT" duration-ms="0" status="PASS">
          <reporter-output>
          </reporter-output>
        </test-method> <!-- tearDown -->
      </class> <!-- tests.ExternalLinksValidationTest -->
      <class name="tests.VisitPagesTest">
        <test-method is-config="true" signature="setup()[pri:0, instance:tests.VisitPagesTest@6999cd39]" started-at="2023-04-23T19:35:16 IDT" name="setup" finished-at="2023-04-23T19:35:28 IDT" duration-ms="12221" status="PASS">
          <reporter-output>
          </reporter-output>
        </test-method> <!-- setup -->
        <test-method signature="tc01_goToWomenPage()[pri:0, instance:tests.VisitPagesTest@6999cd39]" started-at="2023-04-23T19:35:28 IDT" name="tc01_goToWomenPage" finished-at="2023-04-23T19:35:35 IDT" duration-ms="6832" status="PASS">
          <reporter-output>
          </reporter-output>
        </test-method> <!-- tc01_goToWomenPage -->
        <test-method signature="tc02_goToMenPage()[pri:0, instance:tests.VisitPagesTest@6999cd39]" started-at="2023-04-23T19:35:35 IDT" name="tc02_goToMenPage" finished-at="2023-04-23T19:35:39 IDT" duration-ms="4058" status="FAIL">
          <exception class="java.lang.AssertionError">
            <message>
              <![CDATA[expected:<RUNNING> but was:<RUNNG>]]>
            </message>
            <full-stacktrace>
              <![CDATA[java.lang.AssertionError: expected:<RUNNING> but was:<RUNNG>
at org.testng.AssertJUnit.assertEquals(AssertJUnit.java:115)
at org.testng.AssertJUnit.assertEquals(AssertJUnit.java:125)
at tests.VisitPagesTest.tc02_goToMenPage(VisitPagesTest.java:48)
at java.base/jdk.internal.reflect.DirectMethodHandleAccessor.invoke(DirectMethodHandleAccessor.java:104)
at java.base/java.lang.reflect.Method.invoke(Method.java:578)
at org.testng.internal.invokers.MethodInvocationHelper.invokeMethod(MethodInvocationHelper.java:135)
at org.testng.internal.invokers.TestInvoker.invokeMethod(TestInvoker.java:673)
at org.testng.internal.invokers.TestInvoker.invokeTestMethod(TestInvoker.java:220)
at org.testng.internal.invokers.MethodRunner.runInSequence(MethodRunner.java:50)
at org.testng.internal.invokers.TestInvoker$MethodInvocationAgent.invoke(TestInvoker.java:945)
at org.testng.internal.invokers.TestInvoker.invokeTestMethods(TestInvoker.java:193)
at org.testng.internal.invokers.TestMethodWorker.invokeTestMethods(TestMethodWorker.java:146)
at org.testng.internal.invokers.TestMethodWorker.run(TestMethodWorker.java:128)
at java.base/java.util.ArrayList.forEach(ArrayList.java:1511)
at org.testng.TestRunner.privateRun(TestRunner.java:808)
at org.testng.TestRunner.run(TestRunner.java:603)
at org.testng.SuiteRunner.runTest(SuiteRunner.java:429)
at org.testng.SuiteRunner.runSequentially(SuiteRunner.java:423)
at org.testng.SuiteRunner.privateRun(SuiteRunner.java:383)
at org.testng.SuiteRunner.run(SuiteRunner.java:326)
at org.testng.SuiteRunnerWorker.runSuite(SuiteRunnerWorker.java:52)
at org.testng.SuiteRunnerWorker.run(SuiteRunnerWorker.java:95)
at org.testng.TestNG.runSuitesSequentially(TestNG.java:1249)
at org.testng.TestNG.runSuitesLocally(TestNG.java:1169)
at org.testng.TestNG.runSuites(TestNG.java:1092)
at org.testng.TestNG.run(TestNG.java:1060)
at org.apache.maven.surefire.testng.TestNGExecutor.run(TestNGExecutor.java:324)
at org.apache.maven.surefire.testng.TestNGXmlTestSuite.execute(TestNGXmlTestSuite.java:74)
at org.apache.maven.surefire.testng.TestNGProvider.invoke(TestNGProvider.java:123)
at org.apache.maven.surefire.booter.ForkedBooter.runSuitesInProcess(ForkedBooter.java:456)
at org.apache.maven.surefire.booter.ForkedBooter.execute(ForkedBooter.java:169)
at org.apache.maven.surefire.booter.ForkedBooter.run(ForkedBooter.java:595)
at org.apache.maven.surefire.booter.ForkedBooter.main(ForkedBooter.java:581)
]]>
            </full-stacktrace>
          </exception> <!-- java.lang.AssertionError -->
          <reporter-output>
          </reporter-output>
        </test-method> <!-- tc02_goToMenPage -->
        <test-method signature="tc03_goToAccessoriesPage()[pri:0, instance:tests.VisitPagesTest@6999cd39]" started-at="2023-04-23T19:35:39 IDT" name="tc03_goToAccessoriesPage" finished-at="2023-04-23T19:35:43 IDT" duration-ms="3781" status="PASS">
          <reporter-output>
          </reporter-output>
        </test-method> <!-- tc03_goToAccessoriesPage -->
        <test-method signature="tc04_enterFAQ()[pri:0, instance:tests.VisitPagesTest@6999cd39]" started-at="2023-04-23T19:35:43 IDT" name="tc04_enterFAQ" finished-at="2023-04-23T19:35:45 IDT" duration-ms="2211" status="PASS">
          <reporter-output>
          </reporter-output>
        </test-method> <!-- tc04_enterFAQ -->
        <test-method is-config="true" signature="tearDown()[pri:0, instance:tests.VisitPagesTest@6999cd39]" started-at="2023-04-23T19:35:45 IDT" name="tearDown" finished-at="2023-04-23T19:35:45 IDT" duration-ms="1" status="PASS">
          <reporter-output>
          </reporter-output>
        </test-method> <!-- tearDown -->
        <test-method is-config="true" signature="tearDown()[pri:0, instance:tests.VisitPagesTest@6999cd39]" started-at="2023-04-23T19:38:34 IDT" name="tearDown" finished-at="2023-04-23T19:38:34 IDT" duration-ms="0" status="PASS">
          <reporter-output>
          </reporter-output>
        </test-method> <!-- tearDown -->
      </class> <!-- tests.VisitPagesTest -->
    </test> <!-- Test -->
  </suite> <!-- Suite -->
</testng-results>
