<?xml version="1.0" encoding="UTF-8"?>
<!-- Generated by org.testng.reporters.JUnitReportReporter -->
<testsuite hostname="wobis-mbp" failures="1" tests="9" name="tests.AddingItemsTest" time="141.142" errors="0" timestamp="2023-04-23T19:38:34 IDT" skipped="0">
  <testcase classname="tests.AddingItemsTest" name="tc02_addingWomenLeggings" time="20.792"/>
  <system-out/>
  <testcase classname="tests.AddingItemsTest" name="tc06_addingMenShirt" time="10.216"/>
  <system-out/>
  <testcase classname="tests.AddingItemsTest" name="tc08_addingHoodieToWishlist" time="11.221"/>
  <system-out/>
  <testcase classname="tests.AddingItemsTest" name="tc04_purchasingPantsFromSearch" time="16.753"/>
  <system-out/>
  <testcase classname="tests.AddingItemsTest" name="tc07_addingAccessoryItem" time="19.227"/>
  <system-out/>
  <testcase classname="tests.AddingItemsTest" name="tc05_addingMenShorts" time="21.602"/>
  <system-out/>
  <testcase classname="tests.AddingItemsTest" name="tc09_addingShakerToWishlist" time="10.588"/>
  <system-out/>
  <testcase classname="tests.AddingItemsTest" name="tc01_addingWomenAllInOne" time="12.305"/>
  <system-out/>
  <testcase classname="tests.AddingItemsTest" name="tc03_purchasingShirtFromSearch" time="18.438">
    <failure message="expected:&lt;YOUR BAG&gt; but was:&lt;YOUR BA&gt;" type="java.lang.AssertionError">
      <![CDATA[java.lang.AssertionError: expected:<YOUR BAG> but was:<YOUR BA>
at org.testng.AssertJUnit.assertEquals(AssertJUnit.java:115)
at org.testng.AssertJUnit.assertEquals(AssertJUnit.java:125)
at tests.AddingItemsTest.tc03_purchasingShirtFromSearch(AddingItemsTest.java:68)
at java.base/jdk.internal.reflect.DirectMethodHandleAccessor.invoke(DirectMethodHandleAccessor.java:104)
at java.base/java.lang.reflect.Method.invoke(Method.java:578)
at org.testng.internal.invokers.MethodInvocationHelper.invokeMethod(MethodInvocationHelper.java:135)
at org.testng.internal.invokers.TestInvoker.invokeMethod(TestInvoker.java:673)
at org.testng.internal.invokers.TestInvoker.invokeTestMethod(TestInvoker.java:220)
at org.testng.internal.invokers.MethodRunner.runInSequence(MethodRunner.java:50)
at org.testng.internal.invokers.TestInvoker$MethodInvocationAgent.invoke(TestInvoker.java:945)
at org.testng.internal.invokers.TestInvoker.invokeTestMethods(TestInvoker.java:193)
at org.testng.internal.invokers.TestMethodWorker.invokeTestMethods(TestMethodWorker.java:146)
at org.testng.internal.invokers.TestMethodWorker.run(TestMethodWorker.java:128)
at java.base/java.util.ArrayList.forEach(ArrayList.java:1511)
at org.testng.TestRunner.privateRun(TestRunner.java:808)
at org.testng.TestRunner.run(TestRunner.java:603)
at org.testng.SuiteRunner.runTest(SuiteRunner.java:429)
at org.testng.SuiteRunner.runSequentially(SuiteRunner.java:423)
at org.testng.SuiteRunner.privateRun(SuiteRunner.java:383)
at org.testng.SuiteRunner.run(SuiteRunner.java:326)
at org.testng.SuiteRunnerWorker.runSuite(SuiteRunnerWorker.java:52)
at org.testng.SuiteRunnerWorker.run(SuiteRunnerWorker.java:95)
at org.testng.TestNG.runSuitesSequentially(TestNG.java:1249)
at org.testng.TestNG.runSuitesLocally(TestNG.java:1169)
at org.testng.TestNG.runSuites(TestNG.java:1092)
at org.testng.TestNG.run(TestNG.java:1060)
at org.apache.maven.surefire.testng.TestNGExecutor.run(TestNGExecutor.java:324)
at org.apache.maven.surefire.testng.TestNGXmlTestSuite.execute(TestNGXmlTestSuite.java:74)
at org.apache.maven.surefire.testng.TestNGProvider.invoke(TestNGProvider.java:123)
at org.apache.maven.surefire.booter.ForkedBooter.runSuitesInProcess(ForkedBooter.java:456)
at org.apache.maven.surefire.booter.ForkedBooter.execute(ForkedBooter.java:169)
at org.apache.maven.surefire.booter.ForkedBooter.run(ForkedBooter.java:595)
at org.apache.maven.surefire.booter.ForkedBooter.main(ForkedBooter.java:581)
]]>
    </failure>
  </testcase> <!-- tc03_purchasingShirtFromSearch -->
  <system-out/>
</testsuite> <!-- tests.AddingItemsTest -->
